1681058835.558821 client started (2073142): version 3.3a, socket /tmp/tmux-1000/default, protocol 8
1681058835.558868 on Linux 5.10.167-1-MANJARO #1 SMP PREEMPT Mon Feb 6 11:20:09 UTC 2023
1681058835.558882 using libevent 2.1.12-stable (poll); ncurses 6.4
1681058835.558910 flags are 0x10010000
1681058835.558917 socket is /tmp/tmux-1000/default
1681058835.558937 trying connect
1681058835.559042 add peer 0x559f5e1adfc0: 6 ((nil))
1681058835.559553 sending message 100 to peer 0x559f5e1adfc0 (4 bytes)
1681058835.559568 sending message 111 to peer 0x559f5e1adfc0 (8 bytes)
1681058835.559576 sending message 101 to peer 0x559f5e1adfc0 (14 bytes)
1681058835.559584 sending message 109 to peer 0x559f5e1adfc0 (4 bytes)
1681058835.559591 sending message 102 to peer 0x559f5e1adfc0 (11 bytes)
1681058835.559599 sending message 108 to peer 0x559f5e1adfc0 (24 bytes)
1681058835.559607 sending message 112 to peer 0x559f5e1adfc0 (70 bytes)
1681058835.559615 sending message 112 to peer 0x559f5e1adfc0 (5 bytes)
1681058835.559622 sending message 112 to peer 0x559f5e1adfc0 (5 bytes)
1681058835.559630 sending message 112 to peer 0x559f5e1adfc0 (6 bytes)
1681058835.559637 sending message 112 to peer 0x559f5e1adfc0 (6 bytes)
1681058835.559645 sending message 112 to peer 0x559f5e1adfc0 (11 bytes)
1681058835.559652 sending message 112 to peer 0x559f5e1adfc0 (10 bytes)
1681058835.559660 sending message 112 to peer 0x559f5e1adfc0 (13 bytes)
1681058835.559667 sending message 112 to peer 0x559f5e1adfc0 (13 bytes)
1681058835.559674 sending message 112 to peer 0x559f5e1adfc0 (18 bytes)
1681058835.559682 sending message 112 to peer 0x559f5e1adfc0 (11 bytes)
1681058835.559690 sending message 112 to peer 0x559f5e1adfc0 (10 bytes)
1681058835.559697 sending message 112 to peer 0x559f5e1adfc0 (15 bytes)
1681058835.559704 sending message 112 to peer 0x559f5e1adfc0 (21 bytes)
1681058835.559712 sending message 112 to peer 0x559f5e1adfc0 (13 bytes)
1681058835.559719 sending message 112 to peer 0x559f5e1adfc0 (7 bytes)
1681058835.559727 sending message 112 to peer 0x559f5e1adfc0 (13 bytes)
1681058835.559734 sending message 112 to peer 0x559f5e1adfc0 (7 bytes)
1681058835.559742 sending message 112 to peer 0x559f5e1adfc0 (13 bytes)
1681058835.559749 sending message 112 to peer 0x559f5e1adfc0 (9 bytes)
1681058835.559757 sending message 112 to peer 0x559f5e1adfc0 (21 bytes)
1681058835.559764 sending message 112 to peer 0x559f5e1adfc0 (13 bytes)
1681058835.559771 sending message 112 to peer 0x559f5e1adfc0 (8 bytes)
1681058835.559778 sending message 112 to peer 0x559f5e1adfc0 (12 bytes)
1681058835.559785 sending message 112 to peer 0x559f5e1adfc0 (13 bytes)
1681058835.559793 sending message 112 to peer 0x559f5e1adfc0 (9 bytes)
1681058835.559800 sending message 112 to peer 0x559f5e1adfc0 (9 bytes)
1681058835.559807 sending message 112 to peer 0x559f5e1adfc0 (12 bytes)
1681058835.559814 sending message 112 to peer 0x559f5e1adfc0 (8 bytes)
1681058835.559821 sending message 112 to peer 0x559f5e1adfc0 (8 bytes)
1681058835.559829 sending message 112 to peer 0x559f5e1adfc0 (7 bytes)
1681058835.559836 sending message 112 to peer 0x559f5e1adfc0 (7 bytes)
1681058835.559843 sending message 112 to peer 0x559f5e1adfc0 (9 bytes)
1681058835.559850 sending message 112 to peer 0x559f5e1adfc0 (13 bytes)
1681058835.559858 sending message 112 to peer 0x559f5e1adfc0 (6 bytes)
1681058835.559865 sending message 112 to peer 0x559f5e1adfc0 (9 bytes)
1681058835.559872 sending message 112 to peer 0x559f5e1adfc0 (15 bytes)
1681058835.559879 sending message 112 to peer 0x559f5e1adfc0 (13 bytes)
1681058835.559887 sending message 112 to peer 0x559f5e1adfc0 (12 bytes)
1681058835.559894 sending message 112 to peer 0x559f5e1adfc0 (8 bytes)
1681058835.559901 sending message 112 to peer 0x559f5e1adfc0 (14 bytes)
1681058835.559908 sending message 112 to peer 0x559f5e1adfc0 (11 bytes)
1681058835.559916 sending message 112 to peer 0x559f5e1adfc0 (9 bytes)
1681058835.559923 sending message 112 to peer 0x559f5e1adfc0 (10 bytes)
1681058835.559930 sending message 112 to peer 0x559f5e1adfc0 (10 bytes)
1681058835.559937 sending message 112 to peer 0x559f5e1adfc0 (10 bytes)
1681058835.559957 sending message 112 to peer 0x559f5e1adfc0 (10 bytes)
1681058835.559965 sending message 112 to peer 0x559f5e1adfc0 (11 bytes)
1681058835.559973 sending message 112 to peer 0x559f5e1adfc0 (12 bytes)
1681058835.559981 sending message 112 to peer 0x559f5e1adfc0 (12 bytes)
1681058835.559988 sending message 112 to peer 0x559f5e1adfc0 (12 bytes)
1681058835.559996 sending message 112 to peer 0x559f5e1adfc0 (12 bytes)
1681058835.560004 sending message 112 to peer 0x559f5e1adfc0 (12 bytes)
1681058835.560011 sending message 112 to peer 0x559f5e1adfc0 (11 bytes)
1681058835.560019 sending message 112 to peer 0x559f5e1adfc0 (11 bytes)
1681058835.560027 sending message 112 to peer 0x559f5e1adfc0 (12 bytes)
1681058835.560034 sending message 112 to peer 0x559f5e1adfc0 (12 bytes)
1681058835.560042 sending message 112 to peer 0x559f5e1adfc0 (12 bytes)
1681058835.560049 sending message 112 to peer 0x559f5e1adfc0 (12 bytes)
1681058835.560057 sending message 112 to peer 0x559f5e1adfc0 (12 bytes)
1681058835.560065 sending message 112 to peer 0x559f5e1adfc0 (10 bytes)
1681058835.560072 sending message 112 to peer 0x559f5e1adfc0 (12 bytes)
1681058835.560080 sending message 112 to peer 0x559f5e1adfc0 (13 bytes)
1681058835.560087 sending message 112 to peer 0x559f5e1adfc0 (13 bytes)
1681058835.560095 sending message 112 to peer 0x559f5e1adfc0 (13 bytes)
1681058835.560103 sending message 112 to peer 0x559f5e1adfc0 (13 bytes)
1681058835.560110 sending message 112 to peer 0x559f5e1adfc0 (13 bytes)
1681058835.560118 sending message 112 to peer 0x559f5e1adfc0 (8 bytes)
1681058835.560125 sending message 112 to peer 0x559f5e1adfc0 (11 bytes)
1681058835.560133 sending message 112 to peer 0x559f5e1adfc0 (11 bytes)
1681058835.560141 sending message 112 to peer 0x559f5e1adfc0 (11 bytes)
1681058835.560149 sending message 112 to peer 0x559f5e1adfc0 (12 bytes)
1681058835.560156 sending message 112 to peer 0x559f5e1adfc0 (12 bytes)
1681058835.560164 sending message 112 to peer 0x559f5e1adfc0 (12 bytes)
1681058835.560172 sending message 112 to peer 0x559f5e1adfc0 (12 bytes)
1681058835.560179 sending message 112 to peer 0x559f5e1adfc0 (13 bytes)
1681058835.560187 sending message 112 to peer 0x559f5e1adfc0 (13 bytes)
1681058835.560195 sending message 112 to peer 0x559f5e1adfc0 (13 bytes)
1681058835.560202 sending message 112 to peer 0x559f5e1adfc0 (8 bytes)
1681058835.560210 sending message 112 to peer 0x559f5e1adfc0 (13 bytes)
1681058835.560217 sending message 112 to peer 0x559f5e1adfc0 (13 bytes)
1681058835.560225 sending message 112 to peer 0x559f5e1adfc0 (13 bytes)
1681058835.560233 sending message 112 to peer 0x559f5e1adfc0 (13 bytes)
1681058835.560240 sending message 112 to peer 0x559f5e1adfc0 (13 bytes)
1681058835.560248 sending message 112 to peer 0x559f5e1adfc0 (12 bytes)
1681058835.560256 sending message 112 to peer 0x559f5e1adfc0 (12 bytes)
1681058835.560263 sending message 112 to peer 0x559f5e1adfc0 (12 bytes)
1681058835.560271 sending message 112 to peer 0x559f5e1adfc0 (12 bytes)
1681058835.560278 sending message 112 to peer 0x559f5e1adfc0 (13 bytes)
1681058835.560286 sending message 112 to peer 0x559f5e1adfc0 (8 bytes)
1681058835.560293 sending message 112 to peer 0x559f5e1adfc0 (13 bytes)
1681058835.560301 sending message 112 to peer 0x559f5e1adfc0 (13 bytes)
1681058835.560309 sending message 112 to peer 0x559f5e1adfc0 (13 bytes)
1681058835.560316 sending message 112 to peer 0x559f5e1adfc0 (13 bytes)
1681058835.560324 sending message 112 to peer 0x559f5e1adfc0 (13 bytes)
1681058835.560332 sending message 112 to peer 0x559f5e1adfc0 (13 bytes)
1681058835.560339 sending message 112 to peer 0x559f5e1adfc0 (13 bytes)
1681058835.560347 sending message 112 to peer 0x559f5e1adfc0 (12 bytes)
1681058835.560354 sending message 112 to peer 0x559f5e1adfc0 (12 bytes)
1681058835.560362 sending message 112 to peer 0x559f5e1adfc0 (12 bytes)
1681058835.560385 sending message 112 to peer 0x559f5e1adfc0 (8 bytes)
1681058835.560396 sending message 112 to peer 0x559f5e1adfc0 (12 bytes)
1681058835.560404 sending message 112 to peer 0x559f5e1adfc0 (13 bytes)
1681058835.560420 sending message 112 to peer 0x559f5e1adfc0 (13 bytes)
1681058835.560428 sending message 112 to peer 0x559f5e1adfc0 (13 bytes)
1681058835.560436 sending message 112 to peer 0x559f5e1adfc0 (13 bytes)
1681058835.560443 sending message 112 to peer 0x559f5e1adfc0 (13 bytes)
1681058835.560451 sending message 112 to peer 0x559f5e1adfc0 (13 bytes)
1681058835.560459 sending message 112 to peer 0x559f5e1adfc0 (13 bytes)
1681058835.560466 sending message 112 to peer 0x559f5e1adfc0 (13 bytes)
1681058835.560474 sending message 112 to peer 0x559f5e1adfc0 (12 bytes)
1681058835.560481 sending message 112 to peer 0x559f5e1adfc0 (10 bytes)
1681058835.560489 sending message 112 to peer 0x559f5e1adfc0 (12 bytes)
1681058835.560496 sending message 112 to peer 0x559f5e1adfc0 (12 bytes)
1681058835.560504 sending message 112 to peer 0x559f5e1adfc0 (12 bytes)
1681058835.560511 sending message 112 to peer 0x559f5e1adfc0 (13 bytes)
1681058835.560518 sending message 112 to peer 0x559f5e1adfc0 (13 bytes)
1681058835.560526 sending message 112 to peer 0x559f5e1adfc0 (13 bytes)
1681058835.560533 sending message 112 to peer 0x559f5e1adfc0 (13 bytes)
1681058835.560541 sending message 112 to peer 0x559f5e1adfc0 (13 bytes)
1681058835.560548 sending message 112 to peer 0x559f5e1adfc0 (13 bytes)
1681058835.560556 sending message 112 to peer 0x559f5e1adfc0 (13 bytes)
1681058835.560563 sending message 112 to peer 0x559f5e1adfc0 (10 bytes)
1681058835.560571 sending message 112 to peer 0x559f5e1adfc0 (13 bytes)
1681058835.560578 sending message 112 to peer 0x559f5e1adfc0 (12 bytes)
1681058835.560586 sending message 112 to peer 0x559f5e1adfc0 (12 bytes)
1681058835.560593 sending message 112 to peer 0x559f5e1adfc0 (12 bytes)
1681058835.560600 sending message 112 to peer 0x559f5e1adfc0 (10 bytes)
1681058835.560608 sending message 112 to peer 0x559f5e1adfc0 (10 bytes)
1681058835.560615 sending message 112 to peer 0x559f5e1adfc0 (10 bytes)
1681058835.560623 sending message 112 to peer 0x559f5e1adfc0 (12 bytes)
1681058835.560630 sending message 112 to peer 0x559f5e1adfc0 (13 bytes)
1681058835.560638 sending message 112 to peer 0x559f5e1adfc0 (13 bytes)
1681058835.560645 sending message 112 to peer 0x559f5e1adfc0 (13 bytes)
1681058835.560653 sending message 112 to peer 0x559f5e1adfc0 (13 bytes)
1681058835.560660 sending message 112 to peer 0x559f5e1adfc0 (13 bytes)
1681058835.560668 sending message 112 to peer 0x559f5e1adfc0 (11 bytes)
1681058835.560675 sending message 112 to peer 0x559f5e1adfc0 (11 bytes)
1681058835.560682 sending message 112 to peer 0x559f5e1adfc0 (12 bytes)
1681058835.560690 sending message 112 to peer 0x559f5e1adfc0 (12 bytes)
1681058835.560697 sending message 112 to peer 0x559f5e1adfc0 (12 bytes)
1681058835.560705 sending message 112 to peer 0x559f5e1adfc0 (12 bytes)
1681058835.560712 sending message 112 to peer 0x559f5e1adfc0 (12 bytes)
1681058835.560719 sending message 112 to peer 0x559f5e1adfc0 (11 bytes)
1681058835.560727 sending message 112 to peer 0x559f5e1adfc0 (12 bytes)
1681058835.560734 sending message 112 to peer 0x559f5e1adfc0 (12 bytes)
1681058835.560742 sending message 112 to peer 0x559f5e1adfc0 (13 bytes)
1681058835.560749 sending message 112 to peer 0x559f5e1adfc0 (13 bytes)
1681058835.560757 sending message 112 to peer 0x559f5e1adfc0 (13 bytes)
1681058835.560764 sending message 112 to peer 0x559f5e1adfc0 (13 bytes)
1681058835.560771 sending message 112 to peer 0x559f5e1adfc0 (13 bytes)
1681058835.560779 sending message 112 to peer 0x559f5e1adfc0 (10 bytes)
1681058835.560786 sending message 112 to peer 0x559f5e1adfc0 (9 bytes)
1681058835.560794 sending message 112 to peer 0x559f5e1adfc0 (12 bytes)
1681058835.560801 sending message 112 to peer 0x559f5e1adfc0 (13 bytes)
1681058835.560809 sending message 112 to peer 0x559f5e1adfc0 (13 bytes)
1681058835.560816 sending message 112 to peer 0x559f5e1adfc0 (13 bytes)
1681058835.560824 sending message 112 to peer 0x559f5e1adfc0 (13 bytes)
1681058835.560831 sending message 112 to peer 0x559f5e1adfc0 (13 bytes)
1681058835.560839 sending message 112 to peer 0x559f5e1adfc0 (9 bytes)
1681058835.560853 sending message 112 to peer 0x559f5e1adfc0 (12 bytes)
1681058835.560861 sending message 112 to peer 0x559f5e1adfc0 (13 bytes)
1681058835.560868 sending message 112 to peer 0x559f5e1adfc0 (13 bytes)
1681058835.560876 sending message 112 to peer 0x559f5e1adfc0 (13 bytes)
1681058835.560883 sending message 112 to peer 0x559f5e1adfc0 (13 bytes)
1681058835.560891 sending message 112 to peer 0x559f5e1adfc0 (13 bytes)
1681058835.560898 sending message 112 to peer 0x559f5e1adfc0 (11 bytes)
1681058835.560906 sending message 112 to peer 0x559f5e1adfc0 (12 bytes)
1681058835.560913 sending message 112 to peer 0x559f5e1adfc0 (13 bytes)
1681058835.560921 sending message 112 to peer 0x559f5e1adfc0 (13 bytes)
1681058835.560928 sending message 112 to peer 0x559f5e1adfc0 (13 bytes)
1681058835.560936 sending message 112 to peer 0x559f5e1adfc0 (13 bytes)
1681058835.560943 sending message 112 to peer 0x559f5e1adfc0 (13 bytes)
1681058835.560951 sending message 112 to peer 0x559f5e1adfc0 (11 bytes)
1681058835.560958 sending message 112 to peer 0x559f5e1adfc0 (12 bytes)
1681058835.560966 sending message 112 to peer 0x559f5e1adfc0 (12 bytes)
1681058835.560973 sending message 112 to peer 0x559f5e1adfc0 (12 bytes)
1681058835.560981 sending message 112 to peer 0x559f5e1adfc0 (12 bytes)
1681058835.560988 sending message 112 to peer 0x559f5e1adfc0 (12 bytes)
1681058835.560996 sending message 112 to peer 0x559f5e1adfc0 (21 bytes)
1681058835.561003 sending message 112 to peer 0x559f5e1adfc0 (12 bytes)
1681058835.561011 sending message 112 to peer 0x559f5e1adfc0 (9 bytes)
1681058835.561018 sending message 112 to peer 0x559f5e1adfc0 (6 bytes)
1681058835.561025 sending message 112 to peer 0x559f5e1adfc0 (13 bytes)
1681058835.561033 sending message 112 to peer 0x559f5e1adfc0 (8 bytes)
1681058835.561040 sending message 112 to peer 0x559f5e1adfc0 (15 bytes)
1681058835.561048 sending message 112 to peer 0x559f5e1adfc0 (13 bytes)
1681058835.561055 sending message 112 to peer 0x559f5e1adfc0 (9 bytes)
1681058835.561063 sending message 112 to peer 0x559f5e1adfc0 (70 bytes)
1681058835.561071 sending message 112 to peer 0x559f5e1adfc0 (69 bytes)
1681058835.561078 sending message 112 to peer 0x559f5e1adfc0 (10 bytes)
1681058835.561086 sending message 112 to peer 0x559f5e1adfc0 (10 bytes)
1681058835.561093 sending message 112 to peer 0x559f5e1adfc0 (8 bytes)
1681058835.561101 sending message 112 to peer 0x559f5e1adfc0 (15 bytes)
1681058835.561108 sending message 112 to peer 0x559f5e1adfc0 (13 bytes)
1681058835.561116 sending message 112 to peer 0x559f5e1adfc0 (10 bytes)
1681058835.561123 sending message 112 to peer 0x559f5e1adfc0 (10 bytes)
1681058835.561131 sending message 112 to peer 0x559f5e1adfc0 (17 bytes)
1681058835.561138 sending message 112 to peer 0x559f5e1adfc0 (10 bytes)
1681058835.561146 sending message 112 to peer 0x559f5e1adfc0 (13 bytes)
1681058835.561153 sending message 112 to peer 0x559f5e1adfc0 (9 bytes)
1681058835.561161 sending message 112 to peer 0x559f5e1adfc0 (5 bytes)
1681058835.561168 sending message 112 to peer 0x559f5e1adfc0 (15 bytes)
1681058835.561177 sending message 104 to peer 0x559f5e1adfc0 (0 bytes)
1681058835.561186 sending message 110 to peer 0x559f5e1adfc0 (0 bytes)
1681058835.561195 sending message 107 to peer 0x559f5e1adfc0 (4 bytes)
1681058835.561203 sending message 105 to peer 0x559f5e1adfc0 (16 bytes)
1681058835.561210 sending message 105 to peer 0x559f5e1adfc0 (18 bytes)
1681058835.561218 sending message 105 to peer 0x559f5e1adfc0 (16 bytes)
1681058835.561225 sending message 105 to peer 0x559f5e1adfc0 (26 bytes)
1681058835.561233 sending message 105 to peer 0x559f5e1adfc0 (34 bytes)
1681058835.561240 sending message 105 to peer 0x559f5e1adfc0 (23 bytes)
1681058835.561248 sending message 105 to peer 0x559f5e1adfc0 (20 bytes)
1681058835.561255 sending message 105 to peer 0x559f5e1adfc0 (53 bytes)
1681058835.561262 sending message 105 to peer 0x559f5e1adfc0 (24 bytes)
1681058835.561270 sending message 105 to peer 0x559f5e1adfc0 (12 bytes)
1681058835.561277 sending message 105 to peer 0x559f5e1adfc0 (28 bytes)
1681058835.561291 sending message 105 to peer 0x559f5e1adfc0 (15 bytes)
1681058835.561299 sending message 105 to peer 0x559f5e1adfc0 (21 bytes)
1681058835.561307 sending message 105 to peer 0x559f5e1adfc0 (33 bytes)
1681058835.561314 sending message 105 to peer 0x559f5e1adfc0 (40 bytes)
1681058835.561322 sending message 105 to peer 0x559f5e1adfc0 (24 bytes)
1681058835.561330 sending message 105 to peer 0x559f5e1adfc0 (18 bytes)
1681058835.561337 sending message 105 to peer 0x559f5e1adfc0 (21 bytes)
1681058835.561345 sending message 105 to peer 0x559f5e1adfc0 (17 bytes)
1681058835.561352 sending message 105 to peer 0x559f5e1adfc0 (11 bytes)
1681058835.561360 sending message 105 to peer 0x559f5e1adfc0 (20 bytes)
1681058835.561367 sending message 105 to peer 0x559f5e1adfc0 (47 bytes)
1681058835.561375 sending message 105 to peer 0x559f5e1adfc0 (15 bytes)
1681058835.561382 sending message 105 to peer 0x559f5e1adfc0 (38 bytes)
1681058835.561390 sending message 105 to peer 0x559f5e1adfc0 (26 bytes)
1681058835.561397 sending message 105 to peer 0x559f5e1adfc0 (49 bytes)
1681058835.561405 sending message 105 to peer 0x559f5e1adfc0 (23 bytes)
1681058835.561412 sending message 105 to peer 0x559f5e1adfc0 (19 bytes)
1681058835.561420 sending message 105 to peer 0x559f5e1adfc0 (30 bytes)
1681058835.561427 sending message 105 to peer 0x559f5e1adfc0 (12 bytes)
1681058835.561435 sending message 105 to peer 0x559f5e1adfc0 (13 bytes)
1681058835.561442 sending message 105 to peer 0x559f5e1adfc0 (11 bytes)
1681058835.561449 sending message 105 to peer 0x559f5e1adfc0 (8 bytes)
1681058835.561457 sending message 105 to peer 0x559f5e1adfc0 (14 bytes)
1681058835.561464 sending message 105 to peer 0x559f5e1adfc0 (25 bytes)
1681058835.561472 sending message 105 to peer 0x559f5e1adfc0 (27 bytes)
1681058835.561479 sending message 105 to peer 0x559f5e1adfc0 (31 bytes)
1681058835.561486 sending message 105 to peer 0x559f5e1adfc0 (50 bytes)
1681058835.561494 sending message 105 to peer 0x559f5e1adfc0 (20 bytes)
1681058835.561501 sending message 105 to peer 0x559f5e1adfc0 (23 bytes)
1681058835.561509 sending message 105 to peer 0x559f5e1adfc0 (146 bytes)
1681058835.561516 sending message 105 to peer 0x559f5e1adfc0 (238 bytes)
1681058835.561524 sending message 105 to peer 0x559f5e1adfc0 (54 bytes)
1681058835.561531 sending message 105 to peer 0x559f5e1adfc0 (20 bytes)
1681058835.561538 sending message 105 to peer 0x559f5e1adfc0 (28 bytes)
1681058835.561546 sending message 105 to peer 0x559f5e1adfc0 (23 bytes)
1681058835.561553 sending message 105 to peer 0x559f5e1adfc0 (18 bytes)
1681058835.561560 sending message 105 to peer 0x559f5e1adfc0 (16 bytes)
1681058835.561568 sending message 106 to peer 0x559f5e1adfc0 (0 bytes)
1681058835.561660 sending message 200 to peer 0x559f5e1adfc0 (4 bytes)
1681058835.561671 client loop enter
1681058835.565451 peer 0x559f5e1adfc0 message 303
1681058835.565484 open write file 2 -
1681058835.565504 sending message 305 to peer 0x559f5e1adfc0 (8 bytes)
1681058835.565528 write check file 2
1681058835.565968 peer 0x559f5e1adfc0 message 304
1681058835.565989 write 58 to file 2
1681058835.566000 peer 0x559f5e1adfc0 message 203
1681058835.566007 file 2 58 bytes left
1681058835.566038 write check file 2
1681058835.566048 client loop exit
